# JRE version: OpenJDK Runtime Environment Temurin-21.0.8+9 (21.0.8+9) (build 21.0.8+9-LTS)
# Java VM: OpenJDK 64-Bit Server VM Temurin-21.0.8+9 (21.0.8+9-LTS, mixed mode, sharing, tiered, compressed oops, compressed class ptrs, parallel gc, windows-amd64)
GC Precious Log:
 CardTable entry size: 512
 CPUs: 12 total, 12 available
 Memory: 15716M
 Large Page Support: Disabled
 NUMA Support: Disabled
 Compressed Oops: Enabled (32-bit)
 Alignments: Space 512K, Generation 512K, Heap 2M
 Heap Min Capacity: 100M
 Heap Initial Capacity: 100M
 Heap Max Capacity: 2G
 Pre-touch: Disabled
 Parallel Workers: 10
Heap:
 PSYoungGen      total 16384K, used 4932K [0x00000000d5580000, 0x00000000d7080000, 0x0000000100000000)
  eden space 15360K, 25% used [0x00000000d5580000,0x00000000d5955218,0x00000000d6480000)
  from space 1024K, 98% used [0x00000000d6980000,0x00000000d6a7c130,0x00000000d6a80000)
  to   space 5120K, 0% used [0x00000000d6480000,0x00000000d6480000,0x00000000d6980000)
 ParOldGen       total 68608K, used 47428K [0x0000000080000000, 0x0000000084300000, 0x00000000d5580000)
  object space 68608K, 69% used [0x0000000080000000,0x0000000082e51300,0x0000000084300000)
 Metaspace       used 59676K, committed 61056K, reserved 1114112K
  class space    used 6467K, committed 7104K, reserved 1048576K
GC Heap History (20 events):
Event: 9.950 GC heap before
{Heap before GC invocations=47 (full 2):
 PSYoungGen      total 18944K, used 18808K [0x00000000d5580000, 0x00000000d6a00000, 0x0000000100000000)
  eden space 17920K, 99% used [0x00000000d5580000,0x00000000d66fba88,0x00000000d6700000)
  from space 1024K, 88% used [0x00000000d6900000,0x00000000d69e2880,0x00000000d6a00000)
  to   space 1536K, 0% used [0x00000000d6700000,0x00000000d6700000,0x00000000d6880000)
 ParOldGen       total 68608K, used 47731K [0x0000000080000000, 0x0000000084300000, 0x00000000d5580000)
  object space 68608K, 69% used [0x0000000080000000,0x0000000082e9ce58,0x0000000084300000)
 Metaspace       used 49858K, committed 51008K, reserved 1114112K
  class space    used 5390K, committed 5888K, reserved 1048576K
}
Event: 9.952 GC heap after
{Heap after GC invocations=47 (full 2):
 PSYoungGen      total 19456K, used 1140K [0x00000000d5580000, 0x00000000d6a00000, 0x0000000100000000)
  eden space 17920K, 0% used [0x00000000d5580000,0x00000000d5580000,0x00000000d6700000)
  from space 1536K, 74% used [0x00000000d6700000,0x00000000d681d018,0x00000000d6880000)
  to   space 1536K, 0% used [0x00000000d6880000,0x00000000d6880000,0x00000000d6a00000)
 ParOldGen       total 68608K, used 48456K [0x0000000080000000, 0x0000000084300000, 0x00000000d5580000)
  object space 68608K, 70% used [0x0000000080000000,0x0000000082f520f0,0x0000000084300000)
 Metaspace       used 49858K, committed 51008K, reserved 1114112K
  class space    used 5390K, committed 5888K, reserved 1048576K
}
Event: 10.000 GC heap before
{Heap before GC invocations=48 (full 2):
 PSYoungGen      total 19456K, used 19017K [0x00000000d5580000, 0x00000000d6a00000, 0x0000000100000000)
  eden space 17920K, 99% used [0x00000000d5580000,0x00000000d66f56c8,0x00000000d6700000)
  from space 1536K, 74% used [0x00000000d6700000,0x00000000d681d018,0x00000000d6880000)
  to   space 1536K, 0% used [0x00000000d6880000,0x00000000d6880000,0x00000000d6a00000)
 ParOldGen       total 68608K, used 48456K [0x0000000080000000, 0x0000000084300000, 0x00000000d5580000)
  object space 68608K, 70% used [0x0000000080000000,0x0000000082f520f0,0x0000000084300000)
 Metaspace       used 49865K, committed 51008K, reserved 1114112K
  class space    used 5390K, committed 5888K, reserved 1048576K
}
Event: 10.001 GC heap after
{Heap after GC invocations=48 (full 2):
 PSYoungGen      total 18432K, used 366K [0x00000000d5580000, 0x00000000d6900000, 0x0000000100000000)
  eden space 17920K, 0% used [0x00000000d5580000,0x00000000d5580000,0x00000000d6700000)
  from space 512K, 71% used [0x00000000d6880000,0x00000000d68db878,0x00000000d6900000)
  to   space 1024K, 0% used [0x00000000d6700000,0x00000000d6700000,0x00000000d6800000)
 ParOldGen       total 68608K, used 49283K [0x0000000080000000, 0x0000000084300000, 0x00000000d5580000)
  object space 68608K, 71% used [0x0000000080000000,0x0000000083020ed0,0x0000000084300000)
 Metaspace       used 49865K, committed 51008K, reserved 1114112K
  class space    used 5390K, committed 5888K, reserved 1048576K
}
Event: 10.268 GC heap before
{Heap before GC invocations=49 (full 2):
 PSYoungGen      total 18432K, used 18286K [0x00000000d5580000, 0x00000000d6900000, 0x0000000100000000)
  eden space 17920K, 100% used [0x00000000d5580000,0x00000000d6700000,0x00000000d6700000)
  from space 512K, 71% used [0x00000000d6880000,0x00000000d68db878,0x00000000d6900000)
  to   space 1024K, 0% used [0x00000000d6700000,0x00000000d6700000,0x00000000d6800000)
 ParOldGen       total 68608K, used 49283K [0x0000000080000000, 0x0000000084300000, 0x00000000d5580000)
  object space 68608K, 71% used [0x0000000080000000,0x0000000083020ed0,0x0000000084300000)
 Metaspace       used 51267K, committed 52480K, reserved 1114112K
  class space    used 5553K, committed 6080K, reserved 1048576K
}
Event: 10.269 GC heap after
{Heap after GC invocations=49 (full 2):
 PSYoungGen      total 18944K, used 352K [0x00000000d5580000, 0x00000000d6900000, 0x0000000100000000)
  eden space 17920K, 0% used [0x00000000d5580000,0x00000000d5580000,0x00000000d6700000)
  from space 1024K, 34% used [0x00000000d6700000,0x00000000d6758000,0x00000000d6800000)
  to   space 512K, 0% used [0x00000000d6880000,0x00000000d6880000,0x00000000d6900000)
 ParOldGen       total 68608K, used 49307K [0x0000000080000000, 0x0000000084300000, 0x00000000d5580000)
  object space 68608K, 71% used [0x0000000080000000,0x0000000083026ed0,0x0000000084300000)
 Metaspace       used 51267K, committed 52480K, reserved 1114112K
  class space    used 5553K, committed 6080K, reserved 1048576K
}
Event: 10.697 GC heap before
{Heap before GC invocations=50 (full 2):
 PSYoungGen      total 18944K, used 18272K [0x00000000d5580000, 0x00000000d6900000, 0x0000000100000000)
  eden space 17920K, 100% used [0x00000000d5580000,0x00000000d6700000,0x00000000d6700000)
  from space 1024K, 34% used [0x00000000d6700000,0x00000000d6758000,0x00000000d6800000)
  to   space 512K, 0% used [0x00000000d6880000,0x00000000d6880000,0x00000000d6900000)
 ParOldGen       total 68608K, used 49307K [0x0000000080000000, 0x0000000084300000, 0x00000000d5580000)
  object space 68608K, 71% used [0x0000000080000000,0x0000000083026ed0,0x0000000084300000)
 Metaspace       used 52206K, committed 53376K, reserved 1114112K
  class space    used 5652K, committed 6144K, reserved 1048576K
}
Event: 10.698 GC heap after
{Heap after GC invocations=50 (full 2):
 PSYoungGen      total 18432K, used 480K [0x00000000d5580000, 0x00000000d6900000, 0x0000000100000000)
  eden space 17920K, 0% used [0x00000000d5580000,0x00000000d5580000,0x00000000d6700000)
  from space 512K, 93% used [0x00000000d6880000,0x00000000d68f8010,0x00000000d6900000)
  to   space 1024K, 0% used [0x00000000d6700000,0x00000000d6700000,0x00000000d6800000)
 ParOldGen       total 68608K, used 49499K [0x0000000080000000, 0x0000000084300000, 0x00000000d5580000)
  object space 68608K, 72% used [0x0000000080000000,0x0000000083056ed0,0x0000000084300000)
 Metaspace       used 52206K, committed 53376K, reserved 1114112K
  class space    used 5652K, committed 6144K, reserved 1048576K
}
Event: 11.265 GC heap before
{Heap before GC invocations=51 (full 2):
 PSYoungGen      total 18432K, used 18400K [0x00000000d5580000, 0x00000000d6900000, 0x0000000100000000)
  eden space 17920K, 100% used [0x00000000d5580000,0x00000000d6700000,0x00000000d6700000)
  from space 512K, 93% used [0x00000000d6880000,0x00000000d68f8010,0x00000000d6900000)
  to   space 1024K, 0% used [0x00000000d6700000,0x00000000d6700000,0x00000000d6800000)
 ParOldGen       total 68608K, used 49499K [0x0000000080000000, 0x0000000084300000, 0x00000000d5580000)
  object space 68608K, 72% used [0x0000000080000000,0x0000000083056ed0,0x0000000084300000)
 Metaspace       used 54630K, committed 55808K, reserved 1114112K
  class space    used 5845K, committed 6336K, reserved 1048576K
}
Event: 11.267 GC heap after
{Heap after GC invocations=51 (full 2):
 PSYoungGen      total 18944K, used 1023K [0x00000000d5580000, 0x00000000d6e00000, 0x0000000100000000)
  eden space 17920K, 0% used [0x00000000d5580000,0x00000000d5580000,0x00000000d6700000)
  from space 1024K, 99% used [0x00000000d6700000,0x00000000d67ffe08,0x00000000d6800000)
  to   space 3584K, 0% used [0x00000000d6a80000,0x00000000d6a80000,0x00000000d6e00000)
 ParOldGen       total 68608K, used 51314K [0x0000000080000000, 0x0000000084300000, 0x00000000d5580000)
  object space 68608K, 74% used [0x0000000080000000,0x000000008321c918,0x0000000084300000)
 Metaspace       used 54630K, committed 55808K, reserved 1114112K
  class space    used 5845K, committed 6336K, reserved 1048576K
}
Event: 11.557 GC heap before
{Heap before GC invocations=52 (full 2):
 PSYoungGen      total 18944K, used 18943K [0x00000000d5580000, 0x00000000d6e00000, 0x0000000100000000)
  eden space 17920K, 100% used [0x00000000d5580000,0x00000000d6700000,0x00000000d6700000)
  from space 1024K, 99% used [0x00000000d6700000,0x00000000d67ffe08,0x00000000d6800000)
  to   space 3584K, 0% used [0x00000000d6a80000,0x00000000d6a80000,0x00000000d6e00000)
 ParOldGen       total 68608K, used 51314K [0x0000000080000000, 0x0000000084300000, 0x00000000d5580000)
  object space 68608K, 74% used [0x0000000080000000,0x000000008321c918,0x0000000084300000)
 Metaspace       used 55642K, committed 56832K, reserved 1114112K
  class space    used 5943K, committed 6464K, reserved 1048576K
}
Event: 11.559 GC heap after
{Heap after GC invocations=52 (full 2):
 PSYoungGen      total 20992K, used 3426K [0x00000000d5580000, 0x00000000d6f00000, 0x0000000100000000)
  eden space 17408K, 0% used [0x00000000d5580000,0x00000000d5580000,0x00000000d6680000)
  from space 3584K, 95% used [0x00000000d6a80000,0x00000000d6dd8b30,0x00000000d6e00000)
  to   space 4096K, 0% used [0x00000000d6680000,0x00000000d6680000,0x00000000d6a80000)
 ParOldGen       total 68608K, used 52355K [0x0000000080000000, 0x0000000084300000, 0x00000000d5580000)
  object space 68608K, 76% used [0x0000000080000000,0x0000000083320f40,0x0000000084300000)
 Metaspace       used 55642K, committed 56832K, reserved 1114112K
  class space    used 5943K, committed 6464K, reserved 1048576K
}
Event: 12.851 GC heap before
{Heap before GC invocations=53 (full 2):
 PSYoungGen      total 20992K, used 20834K [0x00000000d5580000, 0x00000000d6f00000, 0x0000000100000000)
  eden space 17408K, 100% used [0x00000000d5580000,0x00000000d6680000,0x00000000d6680000)
  from space 3584K, 95% used [0x00000000d6a80000,0x00000000d6dd8b30,0x00000000d6e00000)
  to   space 4096K, 0% used [0x00000000d6680000,0x00000000d6680000,0x00000000d6a80000)
 ParOldGen       total 68608K, used 52355K [0x0000000080000000, 0x0000000084300000, 0x00000000d5580000)
  object space 68608K, 76% used [0x0000000080000000,0x0000000083320f40,0x0000000084300000)
 Metaspace       used 56487K, committed 57728K, reserved 1114112K
  class space    used 6008K, committed 6528K, reserved 1048576K
}
Event: 12.856 GC heap after
{Heap after GC invocations=53 (full 2):
 PSYoungGen      total 20992K, used 3132K [0x00000000d5580000, 0x00000000d6d80000, 0x0000000100000000)
  eden space 17408K, 0% used [0x00000000d5580000,0x00000000d5580000,0x00000000d6680000)
  from space 3584K, 87% used [0x00000000d6680000,0x00000000d698f160,0x00000000d6a00000)
  to   space 3584K, 0% used [0x00000000d6a00000,0x00000000d6a00000,0x00000000d6d80000)
 ParOldGen       total 68608K, used 54829K [0x0000000080000000, 0x0000000084300000, 0x00000000d5580000)
  object space 68608K, 79% used [0x0000000080000000,0x000000008358b6e8,0x0000000084300000)
 Metaspace       used 56487K, committed 57728K, reserved 1114112K
  class space    used 6008K, committed 6528K, reserved 1048576K
}
Event: 13.793 GC heap before
{Heap before GC invocations=54 (full 2):
 PSYoungGen      total 20992K, used 20540K [0x00000000d5580000, 0x00000000d6d80000, 0x0000000100000000)
  eden space 17408K, 100% used [0x00000000d5580000,0x00000000d6680000,0x00000000d6680000)
  from space 3584K, 87% used [0x00000000d6680000,0x00000000d698f160,0x00000000d6a00000)
  to   space 3584K, 0% used [0x00000000d6a00000,0x00000000d6a00000,0x00000000d6d80000)
 ParOldGen       total 68608K, used 54829K [0x0000000080000000, 0x0000000084300000, 0x00000000d5580000)
  object space 68608K, 79% used [0x0000000080000000,0x000000008358b6e8,0x0000000084300000)
 Metaspace       used 57808K, committed 59200K, reserved 1114112K
  class space    used 6153K, committed 6784K, reserved 1048576K
}
Event: 13.796 GC heap after
{Heap after GC invocations=54 (full 2):
 PSYoungGen      total 18944K, used 1040K [0x00000000d5580000, 0x00000000d6b80000, 0x0000000100000000)
  eden space 17408K, 0% used [0x00000000d5580000,0x00000000d5580000,0x00000000d6680000)
  from space 1536K, 67% used [0x00000000d6a00000,0x00000000d6b04020,0x00000000d6b80000)
  to   space 2048K, 0% used [0x00000000d6780000,0x00000000d6780000,0x00000000d6980000)
 ParOldGen       total 68608K, used 57821K [0x0000000080000000, 0x0000000084300000, 0x00000000d5580000)
  object space 68608K, 84% used [0x0000000080000000,0x0000000083877430,0x0000000084300000)
 Metaspace       used 57808K, committed 59200K, reserved 1114112K
  class space    used 6153K, committed 6784K, reserved 1048576K
}
Event: 14.034 GC heap before
{Heap before GC invocations=55 (full 2):
 PSYoungGen      total 18944K, used 11251K [0x00000000d5580000, 0x00000000d6b80000, 0x0000000100000000)
  eden space 17408K, 58% used [0x00000000d5580000,0x00000000d5f78e88,0x00000000d6680000)
  from space 1536K, 67% used [0x00000000d6a00000,0x00000000d6b04020,0x00000000d6b80000)
  to   space 2048K, 0% used [0x00000000d6780000,0x00000000d6780000,0x00000000d6980000)
 ParOldGen       total 68608K, used 57821K [0x0000000080000000, 0x0000000084300000, 0x00000000d5580000)
  object space 68608K, 84% used [0x0000000080000000,0x0000000083877430,0x0000000084300000)
 Metaspace       used 58433K, committed 59776K, reserved 1114112K
  class space    used 6258K, committed 6848K, reserved 1048576K
}
Event: 14.036 GC heap after
{Heap after GC invocations=55 (full 2):
 PSYoungGen      total 19456K, used 384K [0x00000000d5580000, 0x00000000d6a80000, 0x0000000100000000)
  eden space 17408K, 0% used [0x00000000d5580000,0x00000000d5580000,0x00000000d6680000)
  from space 2048K, 18% used [0x00000000d6780000,0x00000000d67e0000,0x00000000d6980000)
  to   space 1024K, 0% used [0x00000000d6980000,0x00000000d6980000,0x00000000d6a80000)
 ParOldGen       total 68608K, used 58683K [0x0000000080000000, 0x0000000084300000, 0x00000000d5580000)
  object space 68608K, 85% used [0x0000000080000000,0x000000008394ec18,0x0000000084300000)
 Metaspace       used 58433K, committed 59776K, reserved 1114112K
  class space    used 6258K, committed 6848K, reserved 1048576K
}
Event: 14.036 GC heap before
{Heap before GC invocations=56 (full 3):
 PSYoungGen      total 19456K, used 384K [0x00000000d5580000, 0x00000000d6a80000, 0x0000000100000000)
  eden space 17408K, 0% used [0x00000000d5580000,0x00000000d5580000,0x00000000d6680000)
  from space 2048K, 18% used [0x00000000d6780000,0x00000000d67e0000,0x00000000d6980000)
  to   space 1024K, 0% used [0x00000000d6980000,0x00000000d6980000,0x00000000d6a80000)
 ParOldGen       total 68608K, used 58683K [0x0000000080000000, 0x0000000084300000, 0x00000000d5580000)
  object space 68608K, 85% used [0x0000000080000000,0x000000008394ec18,0x0000000084300000)
 Metaspace       used 58433K, committed 59776K, reserved 1114112K
  class space    used 6258K, committed 6848K, reserved 1048576K
}
Event: 14.107 GC heap after
{Heap after GC invocations=56 (full 3):
 PSYoungGen      total 19456K, used 0K [0x00000000d5580000, 0x00000000d6a80000, 0x0000000100000000)
  eden space 17408K, 0% used [0x00000000d5580000,0x00000000d5580000,0x00000000d6680000)
  from space 2048K, 0% used [0x00000000d6780000,0x00000000d6780000,0x00000000d6980000)
  to   space 1024K, 0% used [0x00000000d6980000,0x00000000d6980000,0x00000000d6a80000)
 ParOldGen       total 68608K, used 44318K [0x0000000080000000, 0x0000000084300000, 0x00000000d5580000)
  object space 68608K, 64% used [0x0000000080000000,0x0000000082b479c8,0x0000000084300000)
 Metaspace       used 58433K, committed 59776K, reserved 1114112K
  class space    used 6258K, committed 6848K, reserved 1048576K
}

