# JRE version: OpenJDK Runtime Environment Temurin-21.0.8+9 (21.0.8+9) (build 21.0.8+9-LTS)
# Java VM: OpenJDK 64-Bit Server VM Temurin-21.0.8+9 (21.0.8+9-LTS, mixed mode, sharing, tiered, compressed oops, compressed class ptrs, parallel gc, windows-amd64)
GC Precious Log:
 CardTable entry size: 512
 CPUs: 12 total, 12 available
 Memory: 15716M
 Large Page Support: Disabled
 NUMA Support: Disabled
 Compressed Oops: Enabled (32-bit)
 Alignments: Space 512K, Generation 512K, Heap 2M
 Heap Min Capacity: 100M
 Heap Initial Capacity: 100M
 Heap Max Capacity: 2G
 Pre-touch: Disabled
 Parallel Workers: 10
Heap:
 PSYoungGen      total 24576K, used 12054K [0x00000000d5580000, 0x00000000d7100000, 0x0000000100000000)
  eden space 22016K, 47% used [0x00000000d5580000,0x00000000d5fcdb30,0x00000000d6b00000)
  from space 2560K, 58% used [0x00000000d6c80000,0x00000000d6df7e40,0x00000000d6f00000)
  to   space 2048K, 0% used [0x00000000d6f00000,0x00000000d6f00000,0x00000000d7100000)
 ParOldGen       total 68608K, used 22269K [0x0000000080000000, 0x0000000084300000, 0x00000000d5580000)
  object space 68608K, 32% used [0x0000000080000000,0x00000000815bf678,0x0000000084300000)
 Metaspace       used 34205K, committed 35328K, reserved 1114112K
  class space    used 3470K, committed 3968K, reserved 1048576K
GC Heap History (20 events):
Event: 2.111 GC heap before
{Heap before GC invocations=13 (full 0):
 PSYoungGen      total 22528K, used 22528K [0x00000000d5580000, 0x00000000d7380000, 0x0000000100000000)
  eden space 22016K, 100% used [0x00000000d5580000,0x00000000d6b00000,0x00000000d6b00000)
  from space 512K, 100% used [0x00000000d7300000,0x00000000d7380000,0x00000000d7380000)
  to   space 2560K, 0% used [0x00000000d6e80000,0x00000000d6e80000,0x00000000d7100000)
 ParOldGen       total 68608K, used 18287K [0x0000000080000000, 0x0000000084300000, 0x00000000d5580000)
  object space 68608K, 26% used [0x0000000080000000,0x00000000811dbdb0,0x0000000084300000)
 Metaspace       used 16856K, committed 17536K, reserved 1114112K
  class space    used 1760K, committed 2048K, reserved 1048576K
}
Event: 2.112 GC heap after
{Heap after GC invocations=13 (full 0):
 PSYoungGen      total 24576K, used 1796K [0x00000000d5580000, 0x00000000d7380000, 0x0000000100000000)
  eden space 22016K, 0% used [0x00000000d5580000,0x00000000d5580000,0x00000000d6b00000)
  from space 2560K, 70% used [0x00000000d6e80000,0x00000000d7041080,0x00000000d7100000)
  to   space 2048K, 0% used [0x00000000d7180000,0x00000000d7180000,0x00000000d7380000)
 ParOldGen       total 68608K, used 18303K [0x0000000080000000, 0x0000000084300000, 0x00000000d5580000)
  object space 68608K, 26% used [0x0000000080000000,0x00000000811dfdb0,0x0000000084300000)
 Metaspace       used 16856K, committed 17536K, reserved 1114112K
  class space    used 1760K, committed 2048K, reserved 1048576K
}
Event: 2.416 GC heap before
{Heap before GC invocations=14 (full 0):
 PSYoungGen      total 24576K, used 23812K [0x00000000d5580000, 0x00000000d7380000, 0x0000000100000000)
  eden space 22016K, 100% used [0x00000000d5580000,0x00000000d6b00000,0x00000000d6b00000)
  from space 2560K, 70% used [0x00000000d6e80000,0x00000000d7041080,0x00000000d7100000)
  to   space 2048K, 0% used [0x00000000d7180000,0x00000000d7180000,0x00000000d7380000)
 ParOldGen       total 68608K, used 18303K [0x0000000080000000, 0x0000000084300000, 0x00000000d5580000)
  object space 68608K, 26% used [0x0000000080000000,0x00000000811dfdb0,0x0000000084300000)
 Metaspace       used 19049K, committed 19904K, reserved 1114112K
  class space    used 2007K, committed 2368K, reserved 1048576K
}
Event: 2.418 GC heap after
{Heap after GC invocations=14 (full 0):
 PSYoungGen      total 24064K, used 1814K [0x00000000d5580000, 0x00000000d7380000, 0x0000000100000000)
  eden space 22016K, 0% used [0x00000000d5580000,0x00000000d5580000,0x00000000d6b00000)
  from space 2048K, 88% used [0x00000000d7180000,0x00000000d7345a90,0x00000000d7380000)
  to   space 2048K, 0% used [0x00000000d6f80000,0x00000000d6f80000,0x00000000d7180000)
 ParOldGen       total 68608K, used 19970K [0x0000000080000000, 0x0000000084300000, 0x00000000d5580000)
  object space 68608K, 29% used [0x0000000080000000,0x0000000081380940,0x0000000084300000)
 Metaspace       used 19049K, committed 19904K, reserved 1114112K
  class space    used 2007K, committed 2368K, reserved 1048576K
}
Event: 2.531 GC heap before
{Heap before GC invocations=15 (full 0):
 PSYoungGen      total 24064K, used 16432K [0x00000000d5580000, 0x00000000d7380000, 0x0000000100000000)
  eden space 22016K, 66% used [0x00000000d5580000,0x00000000d63c6880,0x00000000d6b00000)
  from space 2048K, 88% used [0x00000000d7180000,0x00000000d7345a90,0x00000000d7380000)
  to   space 2048K, 0% used [0x00000000d6f80000,0x00000000d6f80000,0x00000000d7180000)
 ParOldGen       total 68608K, used 19970K [0x0000000080000000, 0x0000000084300000, 0x00000000d5580000)
  object space 68608K, 29% used [0x0000000080000000,0x0000000081380940,0x0000000084300000)
 Metaspace       used 20671K, committed 21504K, reserved 1114112K
  class space    used 2195K, committed 2560K, reserved 1048576K
}
Event: 2.533 GC heap after
{Heap after GC invocations=15 (full 0):
 PSYoungGen      total 23552K, used 1281K [0x00000000d5580000, 0x00000000d7200000, 0x0000000100000000)
  eden space 22016K, 0% used [0x00000000d5580000,0x00000000d5580000,0x00000000d6b00000)
  from space 1536K, 83% used [0x00000000d6f80000,0x00000000d70c0468,0x00000000d7100000)
  to   space 1024K, 0% used [0x00000000d7100000,0x00000000d7100000,0x00000000d7200000)
 ParOldGen       total 68608K, used 21069K [0x0000000080000000, 0x0000000084300000, 0x00000000d5580000)
  object space 68608K, 30% used [0x0000000080000000,0x00000000814936a0,0x0000000084300000)
 Metaspace       used 20671K, committed 21504K, reserved 1114112K
  class space    used 2195K, committed 2560K, reserved 1048576K
}
Event: 2.533 GC heap before
{Heap before GC invocations=16 (full 1):
 PSYoungGen      total 23552K, used 1281K [0x00000000d5580000, 0x00000000d7200000, 0x0000000100000000)
  eden space 22016K, 0% used [0x00000000d5580000,0x00000000d5580000,0x00000000d6b00000)
  from space 1536K, 83% used [0x00000000d6f80000,0x00000000d70c0468,0x00000000d7100000)
  to   space 1024K, 0% used [0x00000000d7100000,0x00000000d7100000,0x00000000d7200000)
 ParOldGen       total 68608K, used 21069K [0x0000000080000000, 0x0000000084300000, 0x00000000d5580000)
  object space 68608K, 30% used [0x0000000080000000,0x00000000814936a0,0x0000000084300000)
 Metaspace       used 20671K, committed 21504K, reserved 1114112K
  class space    used 2195K, committed 2560K, reserved 1048576K
}
Event: 2.560 GC heap after
{Heap after GC invocations=16 (full 1):
 PSYoungGen      total 23552K, used 0K [0x00000000d5580000, 0x00000000d7200000, 0x0000000100000000)
  eden space 22016K, 0% used [0x00000000d5580000,0x00000000d5580000,0x00000000d6b00000)
  from space 1536K, 0% used [0x00000000d6f80000,0x00000000d6f80000,0x00000000d7100000)
  to   space 1024K, 0% used [0x00000000d7100000,0x00000000d7100000,0x00000000d7200000)
 ParOldGen       total 68608K, used 15999K [0x0000000080000000, 0x0000000084300000, 0x00000000d5580000)
  object space 68608K, 23% used [0x0000000080000000,0x0000000080f9fce8,0x0000000084300000)
 Metaspace       used 20659K, committed 21504K, reserved 1114112K
  class space    used 2191K, committed 2560K, reserved 1048576K
}
Event: 2.671 GC heap before
{Heap before GC invocations=17 (full 1):
 PSYoungGen      total 23552K, used 21762K [0x00000000d5580000, 0x00000000d7200000, 0x0000000100000000)
  eden space 22016K, 98% used [0x00000000d5580000,0x00000000d6ac09f8,0x00000000d6b00000)
  from space 1536K, 0% used [0x00000000d6f80000,0x00000000d6f80000,0x00000000d7100000)
  to   space 1024K, 0% used [0x00000000d7100000,0x00000000d7100000,0x00000000d7200000)
 ParOldGen       total 68608K, used 15999K [0x0000000080000000, 0x0000000084300000, 0x00000000d5580000)
  object space 68608K, 23% used [0x0000000080000000,0x0000000080f9fce8,0x0000000084300000)
 Metaspace       used 22475K, committed 23296K, reserved 1114112K
  class space    used 2328K, committed 2688K, reserved 1048576K
}
Event: 2.672 GC heap after
{Heap after GC invocations=17 (full 1):
 PSYoungGen      total 23040K, used 718K [0x00000000d5580000, 0x00000000d7200000, 0x0000000100000000)
  eden space 22016K, 0% used [0x00000000d5580000,0x00000000d5580000,0x00000000d6b00000)
  from space 1024K, 70% used [0x00000000d7100000,0x00000000d71b3a38,0x00000000d7200000)
  to   space 1024K, 0% used [0x00000000d7000000,0x00000000d7000000,0x00000000d7100000)
 ParOldGen       total 68608K, used 16007K [0x0000000080000000, 0x0000000084300000, 0x00000000d5580000)
  object space 68608K, 23% used [0x0000000080000000,0x0000000080fa1ce8,0x0000000084300000)
 Metaspace       used 22475K, committed 23296K, reserved 1114112K
  class space    used 2328K, committed 2688K, reserved 1048576K
}
Event: 2.814 GC heap before
{Heap before GC invocations=18 (full 1):
 PSYoungGen      total 23040K, used 22734K [0x00000000d5580000, 0x00000000d7200000, 0x0000000100000000)
  eden space 22016K, 100% used [0x00000000d5580000,0x00000000d6b00000,0x00000000d6b00000)
  from space 1024K, 70% used [0x00000000d7100000,0x00000000d71b3a38,0x00000000d7200000)
  to   space 1024K, 0% used [0x00000000d7000000,0x00000000d7000000,0x00000000d7100000)
 ParOldGen       total 68608K, used 16007K [0x0000000080000000, 0x0000000084300000, 0x00000000d5580000)
  object space 68608K, 23% used [0x0000000080000000,0x0000000080fa1ce8,0x0000000084300000)
 Metaspace       used 25449K, committed 26304K, reserved 1114112K
  class space    used 2538K, committed 2944K, reserved 1048576K
}
Event: 2.816 GC heap after
{Heap after GC invocations=18 (full 1):
 PSYoungGen      total 23040K, used 997K [0x00000000d5580000, 0x00000000d7200000, 0x0000000100000000)
  eden space 22016K, 0% used [0x00000000d5580000,0x00000000d5580000,0x00000000d6b00000)
  from space 1024K, 97% used [0x00000000d7000000,0x00000000d70f9570,0x00000000d7100000)
  to   space 1024K, 0% used [0x00000000d7100000,0x00000000d7100000,0x00000000d7200000)
 ParOldGen       total 68608K, used 17891K [0x0000000080000000, 0x0000000084300000, 0x00000000d5580000)
  object space 68608K, 26% used [0x0000000080000000,0x0000000081178f40,0x0000000084300000)
 Metaspace       used 25449K, committed 26304K, reserved 1114112K
  class space    used 2538K, committed 2944K, reserved 1048576K
}
Event: 2.927 GC heap before
{Heap before GC invocations=19 (full 1):
 PSYoungGen      total 23040K, used 23013K [0x00000000d5580000, 0x00000000d7200000, 0x0000000100000000)
  eden space 22016K, 100% used [0x00000000d5580000,0x00000000d6b00000,0x00000000d6b00000)
  from space 1024K, 97% used [0x00000000d7000000,0x00000000d70f9570,0x00000000d7100000)
  to   space 1024K, 0% used [0x00000000d7100000,0x00000000d7100000,0x00000000d7200000)
 ParOldGen       total 68608K, used 17891K [0x0000000080000000, 0x0000000084300000, 0x00000000d5580000)
  object space 68608K, 26% used [0x0000000080000000,0x0000000081178f40,0x0000000084300000)
 Metaspace       used 26893K, committed 27776K, reserved 1114112K
  class space    used 2620K, committed 3008K, reserved 1048576K
}
Event: 2.929 GC heap after
{Heap after GC invocations=19 (full 1):
 PSYoungGen      total 23040K, used 561K [0x00000000d5580000, 0x00000000d7200000, 0x0000000100000000)
  eden space 22016K, 0% used [0x00000000d5580000,0x00000000d5580000,0x00000000d6b00000)
  from space 1024K, 54% used [0x00000000d7100000,0x00000000d718c478,0x00000000d7200000)
  to   space 1536K, 0% used [0x00000000d6f00000,0x00000000d6f00000,0x00000000d7080000)
 ParOldGen       total 68608K, used 19772K [0x0000000080000000, 0x0000000084300000, 0x00000000d5580000)
  object space 68608K, 28% used [0x0000000080000000,0x000000008134f218,0x0000000084300000)
 Metaspace       used 26893K, committed 27776K, reserved 1114112K
  class space    used 2620K, committed 3008K, reserved 1048576K
}
Event: 3.160 GC heap before
{Heap before GC invocations=20 (full 1):
 PSYoungGen      total 23040K, used 22577K [0x00000000d5580000, 0x00000000d7200000, 0x0000000100000000)
  eden space 22016K, 100% used [0x00000000d5580000,0x00000000d6b00000,0x00000000d6b00000)
  from space 1024K, 54% used [0x00000000d7100000,0x00000000d718c478,0x00000000d7200000)
  to   space 1536K, 0% used [0x00000000d6f00000,0x00000000d6f00000,0x00000000d7080000)
 ParOldGen       total 68608K, used 19772K [0x0000000080000000, 0x0000000084300000, 0x00000000d5580000)
  object space 68608K, 28% used [0x0000000080000000,0x000000008134f218,0x0000000084300000)
 Metaspace       used 29371K, committed 30272K, reserved 1114112K
  class space    used 2862K, committed 3264K, reserved 1048576K
}
Event: 3.162 GC heap after
{Heap after GC invocations=20 (full 1):
 PSYoungGen      total 23552K, used 1471K [0x00000000d5580000, 0x00000000d7180000, 0x0000000100000000)
  eden space 22016K, 0% used [0x00000000d5580000,0x00000000d5580000,0x00000000d6b00000)
  from space 1536K, 95% used [0x00000000d6f00000,0x00000000d706fc40,0x00000000d7080000)
  to   space 1024K, 0% used [0x00000000d7080000,0x00000000d7080000,0x00000000d7180000)
 ParOldGen       total 68608K, used 20054K [0x0000000080000000, 0x0000000084300000, 0x00000000d5580000)
  object space 68608K, 29% used [0x0000000080000000,0x0000000081395a48,0x0000000084300000)
 Metaspace       used 29371K, committed 30272K, reserved 1114112K
  class space    used 2862K, committed 3264K, reserved 1048576K
}
Event: 3.313 GC heap before
{Heap before GC invocations=21 (full 1):
 PSYoungGen      total 23552K, used 23270K [0x00000000d5580000, 0x00000000d7180000, 0x0000000100000000)
  eden space 22016K, 99% used [0x00000000d5580000,0x00000000d6ac9d68,0x00000000d6b00000)
  from space 1536K, 95% used [0x00000000d6f00000,0x00000000d706fc40,0x00000000d7080000)
  to   space 1024K, 0% used [0x00000000d7080000,0x00000000d7080000,0x00000000d7180000)
 ParOldGen       total 68608K, used 20054K [0x0000000080000000, 0x0000000084300000, 0x00000000d5580000)
  object space 68608K, 29% used [0x0000000080000000,0x0000000081395a48,0x0000000084300000)
 Metaspace       used 30896K, committed 31936K, reserved 1114112K
  class space    used 3031K, committed 3520K, reserved 1048576K
}
Event: 3.315 GC heap after
{Heap after GC invocations=21 (full 1):
 PSYoungGen      total 23040K, used 994K [0x00000000d5580000, 0x00000000d7180000, 0x0000000100000000)
  eden space 22016K, 0% used [0x00000000d5580000,0x00000000d5580000,0x00000000d6b00000)
  from space 1024K, 97% used [0x00000000d7080000,0x00000000d71789b8,0x00000000d7180000)
  to   space 2560K, 0% used [0x00000000d6c80000,0x00000000d6c80000,0x00000000d6f00000)
 ParOldGen       total 68608K, used 21364K [0x0000000080000000, 0x0000000084300000, 0x00000000d5580000)
  object space 68608K, 31% used [0x0000000080000000,0x00000000814dd3b8,0x0000000084300000)
 Metaspace       used 30896K, committed 31936K, reserved 1114112K
  class space    used 3031K, committed 3520K, reserved 1048576K
}
Event: 3.400 GC heap before
{Heap before GC invocations=22 (full 1):
 PSYoungGen      total 23040K, used 23010K [0x00000000d5580000, 0x00000000d7180000, 0x0000000100000000)
  eden space 22016K, 100% used [0x00000000d5580000,0x00000000d6b00000,0x00000000d6b00000)
  from space 1024K, 97% used [0x00000000d7080000,0x00000000d71789b8,0x00000000d7180000)
  to   space 2560K, 0% used [0x00000000d6c80000,0x00000000d6c80000,0x00000000d6f00000)
 ParOldGen       total 68608K, used 21364K [0x0000000080000000, 0x0000000084300000, 0x00000000d5580000)
  object space 68608K, 31% used [0x0000000080000000,0x00000000814dd3b8,0x0000000084300000)
 Metaspace       used 33211K, committed 34304K, reserved 1114112K
  class space    used 3335K, committed 3840K, reserved 1048576K
}
Event: 3.402 GC heap after
{Heap after GC invocations=22 (full 1):
 PSYoungGen      total 24576K, used 1503K [0x00000000d5580000, 0x00000000d7100000, 0x0000000100000000)
  eden space 22016K, 0% used [0x00000000d5580000,0x00000000d5580000,0x00000000d6b00000)
  from space 2560K, 58% used [0x00000000d6c80000,0x00000000d6df7e40,0x00000000d6f00000)
  to   space 2048K, 0% used [0x00000000d6f00000,0x00000000d6f00000,0x00000000d7100000)
 ParOldGen       total 68608K, used 22269K [0x0000000080000000, 0x0000000084300000, 0x00000000d5580000)
  object space 68608K, 32% used [0x0000000080000000,0x00000000815bf678,0x0000000084300000)
 Metaspace       used 33211K, committed 34304K, reserved 1114112K
  class space    used 3335K, committed 3840K, reserved 1048576K
}

