# JRE version: OpenJDK Runtime Environment Temurin-21.0.8+9 (21.0.8+9) (build 21.0.8+9-LTS)
# Java VM: OpenJDK 64-Bit Server VM Temurin-21.0.8+9 (21.0.8+9-LTS, mixed mode, sharing, tiered, compressed oops, compressed class ptrs, parallel gc, windows-amd64)
GC Precious Log:
 CardTable entry size: 512
 CPUs: 12 total, 12 available
 Memory: 15716M
 Large Page Support: Disabled
 NUMA Support: Disabled
 Compressed Oops: Enabled (32-bit)
 Alignments: Space 512K, Generation 512K, Heap 2M
 Heap Min Capacity: 100M
 Heap Initial Capacity: 100M
 Heap Max Capacity: 2G
 Pre-touch: Disabled
 Parallel Workers: 10
Heap:
 PSYoungGen      total 23040K, used 18151K [0x00000000d5580000, 0x00000000d7080000, 0x0000000100000000)
  eden space 22016K, 82% used [0x00000000d5580000,0x00000000d6739e68,0x00000000d6b00000)
  from space 1024K, 0% used [0x00000000d6f80000,0x00000000d6f80000,0x00000000d7080000)
  to   space 1536K, 0% used [0x00000000d6d80000,0x00000000d6d80000,0x00000000d6f00000)
 ParOldGen       total 68608K, used 21258K [0x0000000080000000, 0x0000000084300000, 0x00000000d5580000)
  object space 68608K, 30% used [0x0000000080000000,0x00000000814c2828,0x0000000084300000)
 Metaspace       used 36399K, committed 37504K, reserved 1114112K
  class space    used 3793K, committed 4288K, reserved 1048576K
GC Heap History (20 events):
Event: 2.541 GC heap before
{Heap before GC invocations=15 (full 0):
 PSYoungGen      total 22528K, used 14499K [0x00000000d5580000, 0x00000000d7300000, 0x0000000100000000)
  eden space 22016K, 63% used [0x00000000d5580000,0x00000000d632aca0,0x00000000d6b00000)
  from space 512K, 98% used [0x00000000d7280000,0x00000000d72fe130,0x00000000d7300000)
  to   space 3584K, 0% used [0x00000000d6c00000,0x00000000d6c00000,0x00000000d6f80000)
 ParOldGen       total 68608K, used 20324K [0x0000000080000000, 0x0000000084300000, 0x00000000d5580000)
  object space 68608K, 29% used [0x0000000080000000,0x00000000813d9238,0x0000000084300000)
 Metaspace       used 20723K, committed 21504K, reserved 1114112K
  class space    used 2196K, committed 2560K, reserved 1048576K
}
Event: 2.542 GC heap after
{Heap after GC invocations=15 (full 0):
 PSYoungGen      total 25600K, used 1330K [0x00000000d5580000, 0x00000000d7300000, 0x0000000100000000)
  eden space 22016K, 0% used [0x00000000d5580000,0x00000000d5580000,0x00000000d6b00000)
  from space 3584K, 37% used [0x00000000d6c00000,0x00000000d6d4cb08,0x00000000d6f80000)
  to   space 2048K, 0% used [0x00000000d7100000,0x00000000d7100000,0x00000000d7300000)
 ParOldGen       total 68608K, used 20818K [0x0000000080000000, 0x0000000084300000, 0x00000000d5580000)
  object space 68608K, 30% used [0x0000000080000000,0x00000000814548e0,0x0000000084300000)
 Metaspace       used 20723K, committed 21504K, reserved 1114112K
  class space    used 2196K, committed 2560K, reserved 1048576K
}
Event: 2.542 GC heap before
{Heap before GC invocations=16 (full 1):
 PSYoungGen      total 25600K, used 1330K [0x00000000d5580000, 0x00000000d7300000, 0x0000000100000000)
  eden space 22016K, 0% used [0x00000000d5580000,0x00000000d5580000,0x00000000d6b00000)
  from space 3584K, 37% used [0x00000000d6c00000,0x00000000d6d4cb08,0x00000000d6f80000)
  to   space 2048K, 0% used [0x00000000d7100000,0x00000000d7100000,0x00000000d7300000)
 ParOldGen       total 68608K, used 20818K [0x0000000080000000, 0x0000000084300000, 0x00000000d5580000)
  object space 68608K, 30% used [0x0000000080000000,0x00000000814548e0,0x0000000084300000)
 Metaspace       used 20723K, committed 21504K, reserved 1114112K
  class space    used 2196K, committed 2560K, reserved 1048576K
}
Event: 2.568 GC heap after
{Heap after GC invocations=16 (full 1):
 PSYoungGen      total 25600K, used 0K [0x00000000d5580000, 0x00000000d7300000, 0x0000000100000000)
  eden space 22016K, 0% used [0x00000000d5580000,0x00000000d5580000,0x00000000d6b00000)
  from space 3584K, 0% used [0x00000000d6c00000,0x00000000d6c00000,0x00000000d6f80000)
  to   space 2048K, 0% used [0x00000000d7100000,0x00000000d7100000,0x00000000d7300000)
 ParOldGen       total 68608K, used 16094K [0x0000000080000000, 0x0000000084300000, 0x00000000d5580000)
  object space 68608K, 23% used [0x0000000080000000,0x0000000080fb7bb0,0x0000000084300000)
 Metaspace       used 20710K, committed 21504K, reserved 1114112K
  class space    used 2192K, committed 2560K, reserved 1048576K
}
Event: 2.678 GC heap before
{Heap before GC invocations=17 (full 1):
 PSYoungGen      total 25600K, used 21992K [0x00000000d5580000, 0x00000000d7300000, 0x0000000100000000)
  eden space 22016K, 99% used [0x00000000d5580000,0x00000000d6afa1d0,0x00000000d6b00000)
  from space 3584K, 0% used [0x00000000d6c00000,0x00000000d6c00000,0x00000000d6f80000)
  to   space 2048K, 0% used [0x00000000d7100000,0x00000000d7100000,0x00000000d7300000)
 ParOldGen       total 68608K, used 16094K [0x0000000080000000, 0x0000000084300000, 0x00000000d5580000)
  object space 68608K, 23% used [0x0000000080000000,0x0000000080fb7bb0,0x0000000084300000)
 Metaspace       used 22460K, committed 23232K, reserved 1114112K
  class space    used 2328K, committed 2688K, reserved 1048576K
}
Event: 2.679 GC heap after
{Heap after GC invocations=17 (full 1):
 PSYoungGen      total 23552K, used 1111K [0x00000000d5580000, 0x00000000d7280000, 0x0000000100000000)
  eden space 22016K, 0% used [0x00000000d5580000,0x00000000d5580000,0x00000000d6b00000)
  from space 1536K, 72% used [0x00000000d7100000,0x00000000d7215ea0,0x00000000d7280000)
  to   space 1536K, 0% used [0x00000000d6f80000,0x00000000d6f80000,0x00000000d7100000)
 ParOldGen       total 68608K, used 16102K [0x0000000080000000, 0x0000000084300000, 0x00000000d5580000)
  object space 68608K, 23% used [0x0000000080000000,0x0000000080fb9bb0,0x0000000084300000)
 Metaspace       used 22460K, committed 23232K, reserved 1114112K
  class space    used 2328K, committed 2688K, reserved 1048576K
}
Event: 2.844 GC heap before
{Heap before GC invocations=18 (full 1):
 PSYoungGen      total 23552K, used 22832K [0x00000000d5580000, 0x00000000d7280000, 0x0000000100000000)
  eden space 22016K, 98% used [0x00000000d5580000,0x00000000d6ab6468,0x00000000d6b00000)
  from space 1536K, 72% used [0x00000000d7100000,0x00000000d7215ea0,0x00000000d7280000)
  to   space 1536K, 0% used [0x00000000d6f80000,0x00000000d6f80000,0x00000000d7100000)
 ParOldGen       total 68608K, used 16102K [0x0000000080000000, 0x0000000084300000, 0x00000000d5580000)
  object space 68608K, 23% used [0x0000000080000000,0x0000000080fb9bb0,0x0000000084300000)
 Metaspace       used 25445K, committed 26240K, reserved 1114112K
  class space    used 2537K, committed 2880K, reserved 1048576K
}
Event: 2.845 GC heap after
{Heap after GC invocations=18 (full 1):
 PSYoungGen      total 23552K, used 1535K [0x00000000d5580000, 0x00000000d7200000, 0x0000000100000000)
  eden space 22016K, 0% used [0x00000000d5580000,0x00000000d5580000,0x00000000d6b00000)
  from space 1536K, 99% used [0x00000000d6f80000,0x00000000d70ffdc0,0x00000000d7100000)
  to   space 1024K, 0% used [0x00000000d7100000,0x00000000d7100000,0x00000000d7200000)
 ParOldGen       total 68608K, used 17372K [0x0000000080000000, 0x0000000084300000, 0x00000000d5580000)
  object space 68608K, 25% used [0x0000000080000000,0x00000000810f72d8,0x0000000084300000)
 Metaspace       used 25445K, committed 26240K, reserved 1114112K
  class space    used 2537K, committed 2880K, reserved 1048576K
}
Event: 2.984 GC heap before
{Heap before GC invocations=19 (full 1):
 PSYoungGen      total 23552K, used 23551K [0x00000000d5580000, 0x00000000d7200000, 0x0000000100000000)
  eden space 22016K, 100% used [0x00000000d5580000,0x00000000d6b00000,0x00000000d6b00000)
  from space 1536K, 99% used [0x00000000d6f80000,0x00000000d70ffdc0,0x00000000d7100000)
  to   space 1024K, 0% used [0x00000000d7100000,0x00000000d7100000,0x00000000d7200000)
 ParOldGen       total 68608K, used 17372K [0x0000000080000000, 0x0000000084300000, 0x00000000d5580000)
  object space 68608K, 25% used [0x0000000080000000,0x00000000810f72d8,0x0000000084300000)
 Metaspace       used 26946K, committed 27776K, reserved 1114112K
  class space    used 2623K, committed 3008K, reserved 1048576K
}
Event: 2.985 GC heap after
{Heap after GC invocations=19 (full 1):
 PSYoungGen      total 22528K, used 430K [0x00000000d5580000, 0x00000000d7180000, 0x0000000100000000)
  eden space 22016K, 0% used [0x00000000d5580000,0x00000000d5580000,0x00000000d6b00000)
  from space 512K, 84% used [0x00000000d7100000,0x00000000d716b890,0x00000000d7180000)
  to   space 1536K, 0% used [0x00000000d6e80000,0x00000000d6e80000,0x00000000d7000000)
 ParOldGen       total 68608K, used 19557K [0x0000000080000000, 0x0000000084300000, 0x00000000d5580000)
  object space 68608K, 28% used [0x0000000080000000,0x0000000081319708,0x0000000084300000)
 Metaspace       used 26946K, committed 27776K, reserved 1114112K
  class space    used 2623K, committed 3008K, reserved 1048576K
}
Event: 3.213 GC heap before
{Heap before GC invocations=20 (full 1):
 PSYoungGen      total 22528K, used 22446K [0x00000000d5580000, 0x00000000d7180000, 0x0000000100000000)
  eden space 22016K, 100% used [0x00000000d5580000,0x00000000d6b00000,0x00000000d6b00000)
  from space 512K, 84% used [0x00000000d7100000,0x00000000d716b890,0x00000000d7180000)
  to   space 1536K, 0% used [0x00000000d6e80000,0x00000000d6e80000,0x00000000d7000000)
 ParOldGen       total 68608K, used 19557K [0x0000000080000000, 0x0000000084300000, 0x00000000d5580000)
  object space 68608K, 28% used [0x0000000080000000,0x0000000081319708,0x0000000084300000)
 Metaspace       used 29433K, committed 30336K, reserved 1114112K
  class space    used 2867K, committed 3264K, reserved 1048576K
}
Event: 3.215 GC heap after
{Heap after GC invocations=20 (full 1):
 PSYoungGen      total 23552K, used 1450K [0x00000000d5580000, 0x00000000d7180000, 0x0000000100000000)
  eden space 22016K, 0% used [0x00000000d5580000,0x00000000d5580000,0x00000000d6b00000)
  from space 1536K, 94% used [0x00000000d6e80000,0x00000000d6feabc8,0x00000000d7000000)
  to   space 1536K, 0% used [0x00000000d7000000,0x00000000d7000000,0x00000000d7180000)
 ParOldGen       total 68608K, used 19851K [0x0000000080000000, 0x0000000084300000, 0x00000000d5580000)
  object space 68608K, 28% used [0x0000000080000000,0x0000000081362f28,0x0000000084300000)
 Metaspace       used 29433K, committed 30336K, reserved 1114112K
  class space    used 2867K, committed 3264K, reserved 1048576K
}
Event: 3.335 GC heap before
{Heap before GC invocations=21 (full 1):
 PSYoungGen      total 23552K, used 23466K [0x00000000d5580000, 0x00000000d7180000, 0x0000000100000000)
  eden space 22016K, 100% used [0x00000000d5580000,0x00000000d6b00000,0x00000000d6b00000)
  from space 1536K, 94% used [0x00000000d6e80000,0x00000000d6feabc8,0x00000000d7000000)
  to   space 1536K, 0% used [0x00000000d7000000,0x00000000d7000000,0x00000000d7180000)
 ParOldGen       total 68608K, used 19851K [0x0000000080000000, 0x0000000084300000, 0x00000000d5580000)
  object space 68608K, 28% used [0x0000000080000000,0x0000000081362f28,0x0000000084300000)
 Metaspace       used 31279K, committed 32192K, reserved 1114112K
  class space    used 3077K, committed 3520K, reserved 1048576K
}
Event: 3.337 GC heap after
{Heap after GC invocations=21 (full 1):
 PSYoungGen      total 23552K, used 1517K [0x00000000d5580000, 0x00000000d7180000, 0x0000000100000000)
  eden space 22016K, 0% used [0x00000000d5580000,0x00000000d5580000,0x00000000d6b00000)
  from space 1536K, 98% used [0x00000000d7000000,0x00000000d717b610,0x00000000d7180000)
  to   space 2048K, 0% used [0x00000000d6d80000,0x00000000d6d80000,0x00000000d6f80000)
 ParOldGen       total 68608K, used 21116K [0x0000000080000000, 0x0000000084300000, 0x00000000d5580000)
  object space 68608K, 30% used [0x0000000080000000,0x000000008149f2e0,0x0000000084300000)
 Metaspace       used 31279K, committed 32192K, reserved 1114112K
  class space    used 3077K, committed 3520K, reserved 1048576K
}
Event: 3.429 GC heap before
{Heap before GC invocations=22 (full 1):
 PSYoungGen      total 23552K, used 23533K [0x00000000d5580000, 0x00000000d7180000, 0x0000000100000000)
  eden space 22016K, 100% used [0x00000000d5580000,0x00000000d6b00000,0x00000000d6b00000)
  from space 1536K, 98% used [0x00000000d7000000,0x00000000d717b610,0x00000000d7180000)
  to   space 2048K, 0% used [0x00000000d6d80000,0x00000000d6d80000,0x00000000d6f80000)
 ParOldGen       total 68608K, used 21116K [0x0000000080000000, 0x0000000084300000, 0x00000000d5580000)
  object space 68608K, 30% used [0x0000000080000000,0x000000008149f2e0,0x0000000084300000)
 Metaspace       used 33299K, committed 34432K, reserved 1114112K
  class space    used 3347K, committed 3904K, reserved 1048576K
}
Event: 3.431 GC heap after
{Heap after GC invocations=22 (full 1):
 PSYoungGen      total 24064K, used 1712K [0x00000000d5580000, 0x00000000d7080000, 0x0000000100000000)
  eden space 22016K, 0% used [0x00000000d5580000,0x00000000d5580000,0x00000000d6b00000)
  from space 2048K, 83% used [0x00000000d6d80000,0x00000000d6f2c010,0x00000000d6f80000)
  to   space 1024K, 0% used [0x00000000d6f80000,0x00000000d6f80000,0x00000000d7080000)
 ParOldGen       total 68608K, used 22058K [0x0000000080000000, 0x0000000084300000, 0x00000000d5580000)
  object space 68608K, 32% used [0x0000000080000000,0x000000008158a8e8,0x0000000084300000)
 Metaspace       used 33299K, committed 34432K, reserved 1114112K
  class space    used 3347K, committed 3904K, reserved 1048576K
}
Event: 3.506 GC heap before
{Heap before GC invocations=23 (full 1):
 PSYoungGen      total 24064K, used 18721K [0x00000000d5580000, 0x00000000d7080000, 0x0000000100000000)
  eden space 22016K, 77% used [0x00000000d5580000,0x00000000d661c7c0,0x00000000d6b00000)
  from space 2048K, 83% used [0x00000000d6d80000,0x00000000d6f2c010,0x00000000d6f80000)
  to   space 1024K, 0% used [0x00000000d6f80000,0x00000000d6f80000,0x00000000d7080000)
 ParOldGen       total 68608K, used 22058K [0x0000000080000000, 0x0000000084300000, 0x00000000d5580000)
  object space 68608K, 32% used [0x0000000080000000,0x000000008158a8e8,0x0000000084300000)
 Metaspace       used 34830K, committed 35840K, reserved 1114112K
  class space    used 3568K, committed 4096K, reserved 1048576K
}
Event: 3.508 GC heap after
{Heap after GC invocations=23 (full 1):
 PSYoungGen      total 23040K, used 704K [0x00000000d5580000, 0x00000000d7080000, 0x0000000100000000)
  eden space 22016K, 0% used [0x00000000d5580000,0x00000000d5580000,0x00000000d6b00000)
  from space 1024K, 68% used [0x00000000d6f80000,0x00000000d7030000,0x00000000d7080000)
  to   space 1536K, 0% used [0x00000000d6d80000,0x00000000d6d80000,0x00000000d6f00000)
 ParOldGen       total 68608K, used 23610K [0x0000000080000000, 0x0000000084300000, 0x00000000d5580000)
  object space 68608K, 34% used [0x0000000080000000,0x000000008170e938,0x0000000084300000)
 Metaspace       used 34830K, committed 35840K, reserved 1114112K
  class space    used 3568K, committed 4096K, reserved 1048576K
}
Event: 3.508 GC heap before
{Heap before GC invocations=24 (full 2):
 PSYoungGen      total 23040K, used 704K [0x00000000d5580000, 0x00000000d7080000, 0x0000000100000000)
  eden space 22016K, 0% used [0x00000000d5580000,0x00000000d5580000,0x00000000d6b00000)
  from space 1024K, 68% used [0x00000000d6f80000,0x00000000d7030000,0x00000000d7080000)
  to   space 1536K, 0% used [0x00000000d6d80000,0x00000000d6d80000,0x00000000d6f00000)
 ParOldGen       total 68608K, used 23610K [0x0000000080000000, 0x0000000084300000, 0x00000000d5580000)
  object space 68608K, 34% used [0x0000000080000000,0x000000008170e938,0x0000000084300000)
 Metaspace       used 34830K, committed 35840K, reserved 1114112K
  class space    used 3568K, committed 4096K, reserved 1048576K
}
Event: 3.548 GC heap after
{Heap after GC invocations=24 (full 2):
 PSYoungGen      total 23040K, used 0K [0x00000000d5580000, 0x00000000d7080000, 0x0000000100000000)
  eden space 22016K, 0% used [0x00000000d5580000,0x00000000d5580000,0x00000000d6b00000)
  from space 1024K, 0% used [0x00000000d6f80000,0x00000000d6f80000,0x00000000d7080000)
  to   space 1536K, 0% used [0x00000000d6d80000,0x00000000d6d80000,0x00000000d6f00000)
 ParOldGen       total 68608K, used 21258K [0x0000000080000000, 0x0000000084300000, 0x00000000d5580000)
  object space 68608K, 30% used [0x0000000080000000,0x00000000814c2828,0x0000000084300000)
 Metaspace       used 34830K, committed 35840K, reserved 1114112K
  class space    used 3568K, committed 4096K, reserved 1048576K
}

