# JRE version: OpenJDK Runtime Environment Temurin-21.0.8+9 (21.0.8+9) (build 21.0.8+9-LTS)
# Java VM: OpenJDK 64-Bit Server VM Temurin-21.0.8+9 (21.0.8+9-LTS, mixed mode, sharing, tiered, compressed oops, compressed class ptrs, parallel gc, windows-amd64)
GC Precious Log:
 CardTable entry size: 512
 CPUs: 12 total, 12 available
 Memory: 15716M
 Large Page Support: Disabled
 NUMA Support: Disabled
 Compressed Oops: Enabled (32-bit)
 Alignments: Space 512K, Generation 512K, Heap 2M
 Heap Min Capacity: 100M
 Heap Initial Capacity: 100M
 Heap Max Capacity: 2G
 Pre-touch: Disabled
 Parallel Workers: 10
Heap:
 PSYoungGen      total 25600K, used 14446K [0x00000000d5580000, 0x00000000d7280000, 0x0000000100000000)
  eden space 22016K, 65% used [0x00000000d5580000,0x00000000d639bbd0,0x00000000d6b00000)
  from space 3584K, 0% used [0x00000000d6c00000,0x00000000d6c00000,0x00000000d6f80000)
  to   space 1536K, 0% used [0x00000000d7100000,0x00000000d7100000,0x00000000d7280000)
 ParOldGen       total 68608K, used 21205K [0x0000000080000000, 0x0000000084300000, 0x00000000d5580000)
  object space 68608K, 30% used [0x0000000080000000,0x00000000814b5708,0x0000000084300000)
 Metaspace       used 36133K, committed 37248K, reserved 1114112K
  class space    used 3783K, committed 4288K, reserved 1048576K
GC Heap History (20 events):
Event: 4.523 GC heap before
{Heap before GC invocations=6 (full 0):
 PSYoungGen      total 29184K, used 29161K [0x00000000d5580000, 0x00000000d7d00000, 0x0000000100000000)
  eden space 25088K, 100% used [0x00000000d5580000,0x00000000d6e00000,0x00000000d6e00000)
  from space 4096K, 99% used [0x00000000d6e80000,0x00000000d727a6d0,0x00000000d7280000)
  to   space 7680K, 0% used [0x00000000d7580000,0x00000000d7580000,0x00000000d7d00000)
 ParOldGen       total 68608K, used 9051K [0x0000000080000000, 0x0000000084300000, 0x00000000d5580000)
  object space 68608K, 13% used [0x0000000080000000,0x00000000808d6d38,0x0000000084300000)
 Metaspace       used 18314K, committed 19072K, reserved 1114112K
  class space    used 1919K, committed 2240K, reserved 1048576K
}
Event: 4.529 GC heap after
{Heap after GC invocations=6 (full 0):
 PSYoungGen      total 31744K, used 6879K [0x00000000d5580000, 0x00000000d7c80000, 0x0000000100000000)
  eden space 24576K, 0% used [0x00000000d5580000,0x00000000d5580000,0x00000000d6d80000)
  from space 7168K, 95% used [0x00000000d7580000,0x00000000d7c37ff0,0x00000000d7c80000)
  to   space 7168K, 0% used [0x00000000d6e80000,0x00000000d6e80000,0x00000000d7580000)
 ParOldGen       total 68608K, used 9059K [0x0000000080000000, 0x0000000084300000, 0x00000000d5580000)
  object space 68608K, 13% used [0x0000000080000000,0x00000000808d8d38,0x0000000084300000)
 Metaspace       used 18314K, committed 19072K, reserved 1114112K
  class space    used 1919K, committed 2240K, reserved 1048576K
}
Event: 4.784 GC heap before
{Heap before GC invocations=7 (full 0):
 PSYoungGen      total 31744K, used 27513K [0x00000000d5580000, 0x00000000d7c80000, 0x0000000100000000)
  eden space 24576K, 83% used [0x00000000d5580000,0x00000000d69a67f0,0x00000000d6d80000)
  from space 7168K, 95% used [0x00000000d7580000,0x00000000d7c37ff0,0x00000000d7c80000)
  to   space 7168K, 0% used [0x00000000d6e80000,0x00000000d6e80000,0x00000000d7580000)
 ParOldGen       total 68608K, used 9059K [0x0000000080000000, 0x0000000084300000, 0x00000000d5580000)
  object space 68608K, 13% used [0x0000000080000000,0x00000000808d8d38,0x0000000084300000)
 Metaspace       used 20658K, committed 21504K, reserved 1114112K
  class space    used 2183K, committed 2560K, reserved 1048576K
}
Event: 4.790 GC heap after
{Heap after GC invocations=7 (full 0):
 PSYoungGen      total 30720K, used 5737K [0x00000000d5580000, 0x00000000d7a80000, 0x0000000100000000)
  eden space 24576K, 0% used [0x00000000d5580000,0x00000000d5580000,0x00000000d6d80000)
  from space 6144K, 93% used [0x00000000d6e80000,0x00000000d741a730,0x00000000d7480000)
  to   space 6144K, 0% used [0x00000000d7480000,0x00000000d7480000,0x00000000d7a80000)
 ParOldGen       total 68608K, used 10440K [0x0000000080000000, 0x0000000084300000, 0x00000000d5580000)
  object space 68608K, 15% used [0x0000000080000000,0x0000000080a32010,0x0000000084300000)
 Metaspace       used 20658K, committed 21504K, reserved 1114112K
  class space    used 2183K, committed 2560K, reserved 1048576K
}
Event: 4.790 GC heap before
{Heap before GC invocations=8 (full 1):
 PSYoungGen      total 30720K, used 5737K [0x00000000d5580000, 0x00000000d7a80000, 0x0000000100000000)
  eden space 24576K, 0% used [0x00000000d5580000,0x00000000d5580000,0x00000000d6d80000)
  from space 6144K, 93% used [0x00000000d6e80000,0x00000000d741a730,0x00000000d7480000)
  to   space 6144K, 0% used [0x00000000d7480000,0x00000000d7480000,0x00000000d7a80000)
 ParOldGen       total 68608K, used 10440K [0x0000000080000000, 0x0000000084300000, 0x00000000d5580000)
  object space 68608K, 15% used [0x0000000080000000,0x0000000080a32010,0x0000000084300000)
 Metaspace       used 20658K, committed 21504K, reserved 1114112K
  class space    used 2183K, committed 2560K, reserved 1048576K
}
Event: 4.827 GC heap after
{Heap after GC invocations=8 (full 1):
 PSYoungGen      total 30720K, used 0K [0x00000000d5580000, 0x00000000d7a80000, 0x0000000100000000)
  eden space 24576K, 0% used [0x00000000d5580000,0x00000000d5580000,0x00000000d6d80000)
  from space 6144K, 0% used [0x00000000d6e80000,0x00000000d6e80000,0x00000000d7480000)
  to   space 6144K, 0% used [0x00000000d7480000,0x00000000d7480000,0x00000000d7a80000)
 ParOldGen       total 68608K, used 15493K [0x0000000080000000, 0x0000000084300000, 0x00000000d5580000)
  object space 68608K, 22% used [0x0000000080000000,0x0000000080f21590,0x0000000084300000)
 Metaspace       used 20645K, committed 21504K, reserved 1114112K
  class space    used 2179K, committed 2560K, reserved 1048576K
}
Event: 5.007 GC heap before
{Heap before GC invocations=9 (full 1):
 PSYoungGen      total 30720K, used 24558K [0x00000000d5580000, 0x00000000d7a80000, 0x0000000100000000)
  eden space 24576K, 99% used [0x00000000d5580000,0x00000000d6d7baa8,0x00000000d6d80000)
  from space 6144K, 0% used [0x00000000d6e80000,0x00000000d6e80000,0x00000000d7480000)
  to   space 6144K, 0% used [0x00000000d7480000,0x00000000d7480000,0x00000000d7a80000)
 ParOldGen       total 68608K, used 15493K [0x0000000080000000, 0x0000000084300000, 0x00000000d5580000)
  object space 68608K, 22% used [0x0000000080000000,0x0000000080f21590,0x0000000084300000)
 Metaspace       used 23063K, committed 23936K, reserved 1114112K
  class space    used 2345K, committed 2752K, reserved 1048576K
}
Event: 5.009 GC heap after
{Heap after GC invocations=9 (full 1):
 PSYoungGen      total 25088K, used 1017K [0x00000000d5580000, 0x00000000d7580000, 0x0000000100000000)
  eden space 24064K, 0% used [0x00000000d5580000,0x00000000d5580000,0x00000000d6d00000)
  from space 1024K, 99% used [0x00000000d7480000,0x00000000d757e4b0,0x00000000d7580000)
  to   space 3072K, 0% used [0x00000000d6f80000,0x00000000d6f80000,0x00000000d7280000)
 ParOldGen       total 68608K, used 15501K [0x0000000080000000, 0x0000000084300000, 0x00000000d5580000)
  object space 68608K, 22% used [0x0000000080000000,0x0000000080f23590,0x0000000084300000)
 Metaspace       used 23063K, committed 23936K, reserved 1114112K
  class space    used 2345K, committed 2752K, reserved 1048576K
}
Event: 5.240 GC heap before
{Heap before GC invocations=10 (full 1):
 PSYoungGen      total 25088K, used 25081K [0x00000000d5580000, 0x00000000d7580000, 0x0000000100000000)
  eden space 24064K, 100% used [0x00000000d5580000,0x00000000d6d00000,0x00000000d6d00000)
  from space 1024K, 99% used [0x00000000d7480000,0x00000000d757e4b0,0x00000000d7580000)
  to   space 3072K, 0% used [0x00000000d6f80000,0x00000000d6f80000,0x00000000d7280000)
 ParOldGen       total 68608K, used 15501K [0x0000000080000000, 0x0000000084300000, 0x00000000d5580000)
  object space 68608K, 22% used [0x0000000080000000,0x0000000080f23590,0x0000000084300000)
 Metaspace       used 26483K, committed 27328K, reserved 1114112K
  class space    used 2598K, committed 2944K, reserved 1048576K
}
Event: 5.241 GC heap after
{Heap after GC invocations=10 (full 1):
 PSYoungGen      total 26624K, used 2580K [0x00000000d5580000, 0x00000000d7500000, 0x0000000100000000)
  eden space 23552K, 0% used [0x00000000d5580000,0x00000000d5580000,0x00000000d6c80000)
  from space 3072K, 83% used [0x00000000d6f80000,0x00000000d7205080,0x00000000d7280000)
  to   space 2560K, 0% used [0x00000000d7280000,0x00000000d7280000,0x00000000d7500000)
 ParOldGen       total 68608K, used 15509K [0x0000000080000000, 0x0000000084300000, 0x00000000d5580000)
  object space 68608K, 22% used [0x0000000080000000,0x0000000080f25590,0x0000000084300000)
 Metaspace       used 26483K, committed 27328K, reserved 1114112K
  class space    used 2598K, committed 2944K, reserved 1048576K
}
Event: 5.512 GC heap before
{Heap before GC invocations=11 (full 1):
 PSYoungGen      total 26624K, used 26132K [0x00000000d5580000, 0x00000000d7500000, 0x0000000100000000)
  eden space 23552K, 100% used [0x00000000d5580000,0x00000000d6c80000,0x00000000d6c80000)
  from space 3072K, 83% used [0x00000000d6f80000,0x00000000d7205080,0x00000000d7280000)
  to   space 2560K, 0% used [0x00000000d7280000,0x00000000d7280000,0x00000000d7500000)
 ParOldGen       total 68608K, used 15509K [0x0000000080000000, 0x0000000084300000, 0x00000000d5580000)
  object space 68608K, 22% used [0x0000000080000000,0x0000000080f25590,0x0000000084300000)
 Metaspace       used 28559K, committed 29440K, reserved 1114112K
  class space    used 2789K, committed 3136K, reserved 1048576K
}
Event: 5.514 GC heap after
{Heap after GC invocations=11 (full 1):
 PSYoungGen      total 25600K, used 2237K [0x00000000d5580000, 0x00000000d7500000, 0x0000000100000000)
  eden space 23040K, 0% used [0x00000000d5580000,0x00000000d5580000,0x00000000d6c00000)
  from space 2560K, 87% used [0x00000000d7280000,0x00000000d74af478,0x00000000d7500000)
  to   space 2560K, 0% used [0x00000000d7000000,0x00000000d7000000,0x00000000d7280000)
 ParOldGen       total 68608K, used 16822K [0x0000000080000000, 0x0000000084300000, 0x00000000d5580000)
  object space 68608K, 24% used [0x0000000080000000,0x000000008106d9e8,0x0000000084300000)
 Metaspace       used 28559K, committed 29440K, reserved 1114112K
  class space    used 2789K, committed 3136K, reserved 1048576K
}
Event: 5.723 GC heap before
{Heap before GC invocations=12 (full 1):
 PSYoungGen      total 25600K, used 25277K [0x00000000d5580000, 0x00000000d7500000, 0x0000000100000000)
  eden space 23040K, 100% used [0x00000000d5580000,0x00000000d6c00000,0x00000000d6c00000)
  from space 2560K, 87% used [0x00000000d7280000,0x00000000d74af478,0x00000000d7500000)
  to   space 2560K, 0% used [0x00000000d7000000,0x00000000d7000000,0x00000000d7280000)
 ParOldGen       total 68608K, used 16822K [0x0000000080000000, 0x0000000084300000, 0x00000000d5580000)
  object space 68608K, 24% used [0x0000000080000000,0x000000008106d9e8,0x0000000084300000)
 Metaspace       used 31045K, committed 32064K, reserved 1114112K
  class space    used 3081K, committed 3520K, reserved 1048576K
}
Event: 5.726 GC heap after
{Heap after GC invocations=12 (full 1):
 PSYoungGen      total 24576K, used 1686K [0x00000000d5580000, 0x00000000d7300000, 0x0000000100000000)
  eden space 22528K, 0% used [0x00000000d5580000,0x00000000d5580000,0x00000000d6b80000)
  from space 2048K, 82% used [0x00000000d7000000,0x00000000d71a5908,0x00000000d7200000)
  to   space 1024K, 0% used [0x00000000d7200000,0x00000000d7200000,0x00000000d7300000)
 ParOldGen       total 68608K, used 18897K [0x0000000080000000, 0x0000000084300000, 0x00000000d5580000)
  object space 68608K, 27% used [0x0000000080000000,0x0000000081274670,0x0000000084300000)
 Metaspace       used 31045K, committed 32064K, reserved 1114112K
  class space    used 3081K, committed 3520K, reserved 1048576K
}
Event: 5.885 GC heap before
{Heap before GC invocations=13 (full 1):
 PSYoungGen      total 24576K, used 24214K [0x00000000d5580000, 0x00000000d7300000, 0x0000000100000000)
  eden space 22528K, 100% used [0x00000000d5580000,0x00000000d6b80000,0x00000000d6b80000)
  from space 2048K, 82% used [0x00000000d7000000,0x00000000d71a5908,0x00000000d7200000)
  to   space 1024K, 0% used [0x00000000d7200000,0x00000000d7200000,0x00000000d7300000)
 ParOldGen       total 68608K, used 18897K [0x0000000080000000, 0x0000000084300000, 0x00000000d5580000)
  object space 68608K, 27% used [0x0000000080000000,0x0000000081274670,0x0000000084300000)
 Metaspace       used 33889K, committed 34944K, reserved 1114112K
  class space    used 3470K, committed 3904K, reserved 1048576K
}
Event: 5.887 GC heap after
{Heap after GC invocations=13 (full 1):
 PSYoungGen      total 23040K, used 1008K [0x00000000d5580000, 0x00000000d7300000, 0x0000000100000000)
  eden space 22016K, 0% used [0x00000000d5580000,0x00000000d5580000,0x00000000d6b00000)
  from space 1024K, 98% used [0x00000000d7200000,0x00000000d72fc010,0x00000000d7300000)
  to   space 3584K, 0% used [0x00000000d6c00000,0x00000000d6c00000,0x00000000d6f80000)
 ParOldGen       total 68608K, used 20799K [0x0000000080000000, 0x0000000084300000, 0x00000000d5580000)
  object space 68608K, 30% used [0x0000000080000000,0x000000008144fe40,0x0000000084300000)
 Metaspace       used 33889K, committed 34944K, reserved 1114112K
  class space    used 3470K, committed 3904K, reserved 1048576K
}
Event: 5.956 GC heap before
{Heap before GC invocations=14 (full 1):
 PSYoungGen      total 23040K, used 9245K [0x00000000d5580000, 0x00000000d7300000, 0x0000000100000000)
  eden space 22016K, 37% used [0x00000000d5580000,0x00000000d5d8b738,0x00000000d6b00000)
  from space 1024K, 98% used [0x00000000d7200000,0x00000000d72fc010,0x00000000d7300000)
  to   space 3584K, 0% used [0x00000000d6c00000,0x00000000d6c00000,0x00000000d6f80000)
 ParOldGen       total 68608K, used 20799K [0x0000000080000000, 0x0000000084300000, 0x00000000d5580000)
  object space 68608K, 30% used [0x0000000080000000,0x000000008144fe40,0x0000000084300000)
 Metaspace       used 34758K, committed 35840K, reserved 1114112K
  class space    used 3594K, committed 4096K, reserved 1048576K
}
Event: 5.959 GC heap after
{Heap after GC invocations=14 (full 1):
 PSYoungGen      total 25600K, used 544K [0x00000000d5580000, 0x00000000d7280000, 0x0000000100000000)
  eden space 22016K, 0% used [0x00000000d5580000,0x00000000d5580000,0x00000000d6b00000)
  from space 3584K, 15% used [0x00000000d6c00000,0x00000000d6c88000,0x00000000d6f80000)
  to   space 1536K, 0% used [0x00000000d7100000,0x00000000d7100000,0x00000000d7280000)
 ParOldGen       total 68608K, used 21741K [0x0000000080000000, 0x0000000084300000, 0x00000000d5580000)
  object space 68608K, 31% used [0x0000000080000000,0x000000008153b6f8,0x0000000084300000)
 Metaspace       used 34758K, committed 35840K, reserved 1114112K
  class space    used 3594K, committed 4096K, reserved 1048576K
}
Event: 5.959 GC heap before
{Heap before GC invocations=15 (full 2):
 PSYoungGen      total 25600K, used 544K [0x00000000d5580000, 0x00000000d7280000, 0x0000000100000000)
  eden space 22016K, 0% used [0x00000000d5580000,0x00000000d5580000,0x00000000d6b00000)
  from space 3584K, 15% used [0x00000000d6c00000,0x00000000d6c88000,0x00000000d6f80000)
  to   space 1536K, 0% used [0x00000000d7100000,0x00000000d7100000,0x00000000d7280000)
 ParOldGen       total 68608K, used 21741K [0x0000000080000000, 0x0000000084300000, 0x00000000d5580000)
  object space 68608K, 31% used [0x0000000080000000,0x000000008153b6f8,0x0000000084300000)
 Metaspace       used 34758K, committed 35840K, reserved 1114112K
  class space    used 3594K, committed 4096K, reserved 1048576K
}
Event: 6.010 GC heap after
{Heap after GC invocations=15 (full 2):
 PSYoungGen      total 25600K, used 0K [0x00000000d5580000, 0x00000000d7280000, 0x0000000100000000)
  eden space 22016K, 0% used [0x00000000d5580000,0x00000000d5580000,0x00000000d6b00000)
  from space 3584K, 0% used [0x00000000d6c00000,0x00000000d6c00000,0x00000000d6f80000)
  to   space 1536K, 0% used [0x00000000d7100000,0x00000000d7100000,0x00000000d7280000)
 ParOldGen       total 68608K, used 21205K [0x0000000080000000, 0x0000000084300000, 0x00000000d5580000)
  object space 68608K, 30% used [0x0000000080000000,0x00000000814b5708,0x0000000084300000)
 Metaspace       used 34735K, committed 35840K, reserved 1114112K
  class space    used 3587K, committed 4096K, reserved 1048576K
}

